2024-03-19T10:59:38.000+02:00  INFO 9388 --- [main] i.g.w.t.TamingThymeleafCliApplication    : Starting AOT-processed TamingThymeleafCliApplication using Java 21.0.2 with PID 9388 (C:\ProgramData\chocolatey\lib\ttcli\ttcli-1.1.2-windows-x86_64\bin\ttcli.exe started by Настя in D:\Універ\2024 Spring\Lab_3)
2024-03-19T10:59:38.000+02:00  INFO 9388 --- [main] i.g.w.t.TamingThymeleafCliApplication    : No active profile set, falling back to 1 default profile: "default"
2024-03-19T10:59:38.015+02:00  WARN 9388 --- [main] com.sun.jna.Native                       : Failed to get charset for native.encoding value : 'Cp1252'

java.nio.charset.UnsupportedCharsetException: Cp1252
	at java.base@21.0.2/java.nio.charset.Charset.forName(Charset.java:543) ~[ttcli.exe:na]
	at com.sun.jna.Native.<clinit>(Native.java:133) ~[ttcli.exe:5.14.0 (b0)]
	at org.jline.terminal.impl.jna.win.Kernel32.<clinit>(Kernel32.java:22) ~[ttcli.exe:na]
	at org.jline.terminal.impl.jna.win.JnaWinSysTerminal.<clinit>(JnaWinSysTerminal.java:31) ~[na:na]
	at org.jline.terminal.impl.jna.JnaTerminalProvider.checkSystemStream(JnaTerminalProvider.java:122) ~[ttcli.exe:na]
	at org.jline.terminal.impl.jna.JnaTerminalProvider.<init>(JnaTerminalProvider.java:31) ~[ttcli.exe:na]
	at java.base@21.0.2/java.lang.reflect.Constructor.newInstanceWithCaller(Constructor.java:502) ~[ttcli.exe:na]
	at java.base@21.0.2/java.lang.reflect.Constructor.newInstance(Constructor.java:486) ~[ttcli.exe:na]
	at org.jline.terminal.spi.TerminalProvider.load(TerminalProvider.java:69) ~[ttcli.exe:na]
	at org.jline.terminal.TerminalBuilder.checkProvider(TerminalBuilder.java:667) ~[ttcli.exe:na]
	at org.jline.terminal.TerminalBuilder.getProviders(TerminalBuilder.java:638) ~[ttcli.exe:na]
	at org.jline.terminal.TerminalBuilder.doBuild(TerminalBuilder.java:395) ~[ttcli.exe:na]
	at org.jline.terminal.TerminalBuilder.build(TerminalBuilder.java:362) ~[ttcli.exe:na]
	at org.springframework.shell.boot.JLineShellAutoConfiguration.terminal(JLineShellAutoConfiguration.java:51) ~[ttcli.exe:na]
	at org.springframework.shell.boot.JLineShellAutoConfiguration__BeanDefinitions.lambda$getTerminalInstanceSupplier$0(JLineShellAutoConfiguration__BeanDefinitions.java:30) ~[na:na]
	at org.springframework.util.function.ThrowingBiFunction.apply(ThrowingBiFunction.java:68) ~[ttcli.exe:6.1.3]
	at org.springframework.util.function.ThrowingBiFunction.apply(ThrowingBiFunction.java:54) ~[ttcli.exe:6.1.3]
	at org.springframework.beans.factory.aot.BeanInstanceSupplier.lambda$get$2(BeanInstanceSupplier.java:206) ~[na:na]
	at org.springframework.util.function.ThrowingSupplier.get(ThrowingSupplier.java:58) ~[ttcli.exe:6.1.3]
	at org.springframework.util.function.ThrowingSupplier.get(ThrowingSupplier.java:46) ~[ttcli.exe:6.1.3]
	at org.springframework.beans.factory.aot.BeanInstanceSupplier.invokeBeanSupplier(BeanInstanceSupplier.java:218) ~[na:na]
	at org.springframework.beans.factory.aot.BeanInstanceSupplier.get(BeanInstanceSupplier.java:206) ~[na:na]
	at org.springframework.beans.factory.support.DefaultListableBeanFactory.obtainInstanceFromSupplier(DefaultListableBeanFactory.java:949) ~[ttcli.exe:6.1.3]
	at org.springframework.beans.factory.support.AbstractAutowireCapableBeanFactory.obtainFromSupplier(AbstractAutowireCapableBeanFactory.java:1216) ~[ttcli.exe:6.1.3]
	at org.springframework.beans.factory.support.AbstractAutowireCapableBeanFactory.createBeanInstance(AbstractAutowireCapableBeanFactory.java:1160) ~[ttcli.exe:6.1.3]
	at org.springframework.beans.factory.support.AbstractAutowireCapableBeanFactory.doCreateBean(AbstractAutowireCapableBeanFactory.java:561) ~[ttcli.exe:6.1.3]
	at org.springframework.beans.factory.support.AbstractAutowireCapableBeanFactory.createBean(AbstractAutowireCapableBeanFactory.java:521) ~[ttcli.exe:6.1.3]
	at org.springframework.beans.factory.support.AbstractBeanFactory.lambda$doGetBean$0(AbstractBeanFactory.java:325) ~[ttcli.exe:6.1.3]
	at org.springframework.beans.factory.support.DefaultSingletonBeanRegistry.getSingleton(DefaultSingletonBeanRegistry.java:234) ~[ttcli.exe:6.1.3]
	at org.springframework.beans.factory.support.AbstractBeanFactory.doGetBean(AbstractBeanFactory.java:323) ~[ttcli.exe:6.1.3]
	at org.springframework.beans.factory.support.AbstractBeanFactory.getBean(AbstractBeanFactory.java:199) ~[ttcli.exe:6.1.3]
	at org.springframework.beans.factory.config.DependencyDescriptor.resolveCandidate(DependencyDescriptor.java:254) ~[ttcli.exe:6.1.3]
	at org.springframework.beans.factory.support.DefaultListableBeanFactory.doResolveDependency(DefaultListableBeanFactory.java:1443) ~[ttcli.exe:6.1.3]
	at org.springframework.beans.factory.support.DefaultListableBeanFactory$DependencyObjectProvider.getIfAvailable(DefaultListableBeanFactory.java:2112) ~[na:na]
	at org.springframework.beans.factory.support.DefaultListableBeanFactory$DependencyObjectProvider.ifAvailable(DefaultListableBeanFactory.java:2123) ~[na:na]
	at org.springframework.shell.boot.ComponentFlowAutoConfiguration$CommonComponentFlowCustomizer.customize(ComponentFlowAutoConfiguration.java:80) ~[na:na]
	at org.springframework.shell.boot.ComponentFlowAutoConfiguration.lambda$componentFlowBuilder$0(ComponentFlowAutoConfiguration.java:48) ~[ttcli.exe:na]
	at java.base@21.0.2/java.util.stream.ForEachOps$ForEachOp$OfRef.accept(ForEachOps.java:184) ~[na:na]
	at java.base@21.0.2/java.util.ArrayList.forEach(ArrayList.java:1596) ~[ttcli.exe:na]
	at java.base@21.0.2/java.util.stream.SortedOps$RefSortingSink.end(SortedOps.java:395) ~[na:na]
	at java.base@21.0.2/java.util.stream.Sink$ChainedReference.end(Sink.java:261) ~[ttcli.exe:na]
	at java.base@21.0.2/java.util.stream.Sink$ChainedReference.end(Sink.java:261) ~[ttcli.exe:na]
	at java.base@21.0.2/java.util.stream.AbstractPipeline.copyInto(AbstractPipeline.java:510) ~[ttcli.exe:na]
	at java.base@21.0.2/java.util.stream.AbstractPipeline.wrapAndCopyInto(AbstractPipeline.java:499) ~[ttcli.exe:na]
	at java.base@21.0.2/java.util.stream.ForEachOps$ForEachOp.evaluateSequential(ForEachOps.java:151) ~[ttcli.exe:na]
	at java.base@21.0.2/java.util.stream.ForEachOps$ForEachOp$OfRef.evaluateSequential(ForEachOps.java:174) ~[na:na]
	at java.base@21.0.2/java.util.stream.AbstractPipeline.evaluate(AbstractPipeline.java:234) ~[ttcli.exe:na]
	at java.base@21.0.2/java.util.stream.ReferencePipeline.forEach(ReferencePipeline.java:596) ~[ttcli.exe:na]
	at org.springframework.shell.boot.ComponentFlowAutoConfiguration.componentFlowBuilder(ComponentFlowAutoConfiguration.java:48) ~[ttcli.exe:na]
	at org.springframework.shell.boot.ComponentFlowAutoConfiguration__BeanDefinitions.lambda$getComponentFlowBuilderInstanceSupplier$0(ComponentFlowAutoConfiguration__BeanDefinitions.java:30) ~[na:na]
	at org.springframework.util.function.ThrowingBiFunction.apply(ThrowingBiFunction.java:68) ~[ttcli.exe:6.1.3]
	at org.springframework.util.function.ThrowingBiFunction.apply(ThrowingBiFunction.java:54) ~[ttcli.exe:6.1.3]
	at org.springframework.beans.factory.aot.BeanInstanceSupplier.lambda$get$2(BeanInstanceSupplier.java:206) ~[na:na]
	at org.springframework.util.function.ThrowingSupplier.get(ThrowingSupplier.java:58) ~[ttcli.exe:6.1.3]
	at org.springframework.util.function.ThrowingSupplier.get(ThrowingSupplier.java:46) ~[ttcli.exe:6.1.3]
	at org.springframework.beans.factory.aot.BeanInstanceSupplier.invokeBeanSupplier(BeanInstanceSupplier.java:218) ~[na:na]
	at org.springframework.beans.factory.aot.BeanInstanceSupplier.get(BeanInstanceSupplier.java:206) ~[na:na]
	at org.springframework.beans.factory.support.DefaultListableBeanFactory.obtainInstanceFromSupplier(DefaultListableBeanFactory.java:949) ~[ttcli.exe:6.1.3]
	at org.springframework.beans.factory.support.AbstractAutowireCapableBeanFactory.obtainFromSupplier(AbstractAutowireCapableBeanFactory.java:1216) ~[ttcli.exe:6.1.3]
	at org.springframework.beans.factory.support.AbstractAutowireCapableBeanFactory.createBeanInstance(AbstractAutowireCapableBeanFactory.java:1160) ~[ttcli.exe:6.1.3]
	at org.springframework.beans.factory.support.AbstractAutowireCapableBeanFactory.doCreateBean(AbstractAutowireCapableBeanFactory.java:561) ~[ttcli.exe:6.1.3]
	at org.springframework.beans.factory.support.AbstractAutowireCapableBeanFactory.createBean(AbstractAutowireCapableBeanFactory.java:521) ~[ttcli.exe:6.1.3]
	at org.springframework.beans.factory.support.AbstractBeanFactory.doGetBean(AbstractBeanFactory.java:343) ~[ttcli.exe:6.1.3]
	at org.springframework.beans.factory.support.AbstractBeanFactory.getBean(AbstractBeanFactory.java:199) ~[ttcli.exe:6.1.3]
	at org.springframework.beans.factory.config.DependencyDescriptor.resolveCandidate(DependencyDescriptor.java:254) ~[ttcli.exe:6.1.3]
	at org.springframework.beans.factory.support.DefaultListableBeanFactory.doResolveDependency(DefaultListableBeanFactory.java:1443) ~[ttcli.exe:6.1.3]
	at org.springframework.beans.factory.support.DefaultListableBeanFactory.resolveDependency(DefaultListableBeanFactory.java:1353) ~[ttcli.exe:6.1.3]
	at org.springframework.beans.factory.aot.AutowiredFieldValueResolver.resolveValue(AutowiredFieldValueResolver.java:188) ~[na:na]
	at org.springframework.beans.factory.aot.AutowiredFieldValueResolver.resolveAndSet(AutowiredFieldValueResolver.java:167) ~[na:na]
	at io.github.wimdeblauwe.ttcli.Init__Autowiring.apply(Init__Autowiring.java:16) ~[na:na]
	at org.springframework.beans.factory.support.InstanceSupplier$1.get(InstanceSupplier.java:83) ~[na:na]
	at org.springframework.beans.factory.support.DefaultListableBeanFactory.obtainInstanceFromSupplier(DefaultListableBeanFactory.java:949) ~[ttcli.exe:6.1.3]
	at org.springframework.beans.factory.support.AbstractAutowireCapableBeanFactory.obtainFromSupplier(AbstractAutowireCapableBeanFactory.java:1216) ~[ttcli.exe:6.1.3]
	at org.springframework.beans.factory.support.AbstractAutowireCapableBeanFactory.createBeanInstance(AbstractAutowireCapableBeanFactory.java:1160) ~[ttcli.exe:6.1.3]
	at org.springframework.beans.factory.support.AbstractAutowireCapableBeanFactory.doCreateBean(AbstractAutowireCapableBeanFactory.java:561) ~[ttcli.exe:6.1.3]
	at org.springframework.beans.factory.support.AbstractAutowireCapableBeanFactory.createBean(AbstractAutowireCapableBeanFactory.java:521) ~[ttcli.exe:6.1.3]
	at org.springframework.beans.factory.support.AbstractBeanFactory.lambda$doGetBean$0(AbstractBeanFactory.java:325) ~[ttcli.exe:6.1.3]
	at org.springframework.beans.factory.support.DefaultSingletonBeanRegistry.getSingleton(DefaultSingletonBeanRegistry.java:234) ~[ttcli.exe:6.1.3]
	at org.springframework.beans.factory.support.AbstractBeanFactory.doGetBean(AbstractBeanFactory.java:323) ~[ttcli.exe:6.1.3]
	at org.springframework.beans.factory.support.AbstractBeanFactory.getBean(AbstractBeanFactory.java:199) ~[ttcli.exe:6.1.3]
	at org.springframework.beans.factory.support.DefaultListableBeanFactory.preInstantiateSingletons(DefaultListableBeanFactory.java:975) ~[ttcli.exe:6.1.3]
	at org.springframework.context.support.AbstractApplicationContext.finishBeanFactoryInitialization(AbstractApplicationContext.java:959) ~[ttcli.exe:6.1.3]
	at org.springframework.context.support.AbstractApplicationContext.refresh(AbstractApplicationContext.java:624) ~[ttcli.exe:6.1.3]
	at org.springframework.boot.SpringApplication.refresh(SpringApplication.java:754) ~[ttcli.exe:3.2.2]
	at org.springframework.boot.SpringApplication.refreshContext(SpringApplication.java:456) ~[ttcli.exe:3.2.2]
	at org.springframework.boot.SpringApplication.run(SpringApplication.java:334) ~[ttcli.exe:3.2.2]
	at org.springframework.boot.SpringApplication.run(SpringApplication.java:1354) ~[ttcli.exe:3.2.2]
	at org.springframework.boot.SpringApplication.run(SpringApplication.java:1343) ~[ttcli.exe:3.2.2]
	at io.github.wimdeblauwe.ttcli.TamingThymeleafCliApplication.main(TamingThymeleafCliApplication.java:10) ~[ttcli.exe:na]
	at java.base@21.0.2/java.lang.invoke.LambdaForm$DMH/sa346b79c.invokeStaticInit(LambdaForm$DMH) ~[na:na]

2024-03-19T10:59:38.520+02:00  INFO 9388 --- [main] i.g.w.t.TamingThymeleafCliApplication    : Started TamingThymeleafCliApplication in 0.571 seconds (process running for 0.598)
2024-03-19T11:04:22.629+02:00  INFO 1472 --- [main] i.g.w.t.TamingThymeleafCliApplication    : Starting AOT-processed TamingThymeleafCliApplication using Java 21.0.2 with PID 1472 (C:\ProgramData\chocolatey\lib\ttcli\ttcli-1.1.2-windows-x86_64\bin\ttcli.exe started by Настя in D:\Універ\2024 Spring\Lab_3)
2024-03-19T11:04:22.630+02:00  INFO 1472 --- [main] i.g.w.t.TamingThymeleafCliApplication    : No active profile set, falling back to 1 default profile: "default"
2024-03-19T11:04:22.640+02:00  WARN 1472 --- [main] com.sun.jna.Native                       : Failed to get charset for native.encoding value : 'Cp1252'

java.nio.charset.UnsupportedCharsetException: Cp1252
	at java.base@21.0.2/java.nio.charset.Charset.forName(Charset.java:543) ~[ttcli.exe:na]
	at com.sun.jna.Native.<clinit>(Native.java:133) ~[ttcli.exe:5.14.0 (b0)]
	at org.jline.terminal.impl.jna.win.Kernel32.<clinit>(Kernel32.java:22) ~[ttcli.exe:na]
	at org.jline.terminal.impl.jna.win.JnaWinSysTerminal.<clinit>(JnaWinSysTerminal.java:31) ~[na:na]
	at org.jline.terminal.impl.jna.JnaTerminalProvider.checkSystemStream(JnaTerminalProvider.java:122) ~[ttcli.exe:na]
	at org.jline.terminal.impl.jna.JnaTerminalProvider.<init>(JnaTerminalProvider.java:31) ~[ttcli.exe:na]
	at java.base@21.0.2/java.lang.reflect.Constructor.newInstanceWithCaller(Constructor.java:502) ~[ttcli.exe:na]
	at java.base@21.0.2/java.lang.reflect.Constructor.newInstance(Constructor.java:486) ~[ttcli.exe:na]
	at org.jline.terminal.spi.TerminalProvider.load(TerminalProvider.java:69) ~[ttcli.exe:na]
	at org.jline.terminal.TerminalBuilder.checkProvider(TerminalBuilder.java:667) ~[ttcli.exe:na]
	at org.jline.terminal.TerminalBuilder.getProviders(TerminalBuilder.java:638) ~[ttcli.exe:na]
	at org.jline.terminal.TerminalBuilder.doBuild(TerminalBuilder.java:395) ~[ttcli.exe:na]
	at org.jline.terminal.TerminalBuilder.build(TerminalBuilder.java:362) ~[ttcli.exe:na]
	at org.springframework.shell.boot.JLineShellAutoConfiguration.terminal(JLineShellAutoConfiguration.java:51) ~[ttcli.exe:na]
	at org.springframework.shell.boot.JLineShellAutoConfiguration__BeanDefinitions.lambda$getTerminalInstanceSupplier$0(JLineShellAutoConfiguration__BeanDefinitions.java:30) ~[na:na]
	at org.springframework.util.function.ThrowingBiFunction.apply(ThrowingBiFunction.java:68) ~[ttcli.exe:6.1.3]
	at org.springframework.util.function.ThrowingBiFunction.apply(ThrowingBiFunction.java:54) ~[ttcli.exe:6.1.3]
	at org.springframework.beans.factory.aot.BeanInstanceSupplier.lambda$get$2(BeanInstanceSupplier.java:206) ~[na:na]
	at org.springframework.util.function.ThrowingSupplier.get(ThrowingSupplier.java:58) ~[ttcli.exe:6.1.3]
	at org.springframework.util.function.ThrowingSupplier.get(ThrowingSupplier.java:46) ~[ttcli.exe:6.1.3]
	at org.springframework.beans.factory.aot.BeanInstanceSupplier.invokeBeanSupplier(BeanInstanceSupplier.java:218) ~[na:na]
	at org.springframework.beans.factory.aot.BeanInstanceSupplier.get(BeanInstanceSupplier.java:206) ~[na:na]
	at org.springframework.beans.factory.support.DefaultListableBeanFactory.obtainInstanceFromSupplier(DefaultListableBeanFactory.java:949) ~[ttcli.exe:6.1.3]
	at org.springframework.beans.factory.support.AbstractAutowireCapableBeanFactory.obtainFromSupplier(AbstractAutowireCapableBeanFactory.java:1216) ~[ttcli.exe:6.1.3]
	at org.springframework.beans.factory.support.AbstractAutowireCapableBeanFactory.createBeanInstance(AbstractAutowireCapableBeanFactory.java:1160) ~[ttcli.exe:6.1.3]
	at org.springframework.beans.factory.support.AbstractAutowireCapableBeanFactory.doCreateBean(AbstractAutowireCapableBeanFactory.java:561) ~[ttcli.exe:6.1.3]
	at org.springframework.beans.factory.support.AbstractAutowireCapableBeanFactory.createBean(AbstractAutowireCapableBeanFactory.java:521) ~[ttcli.exe:6.1.3]
	at org.springframework.beans.factory.support.AbstractBeanFactory.lambda$doGetBean$0(AbstractBeanFactory.java:325) ~[ttcli.exe:6.1.3]
	at org.springframework.beans.factory.support.DefaultSingletonBeanRegistry.getSingleton(DefaultSingletonBeanRegistry.java:234) ~[ttcli.exe:6.1.3]
	at org.springframework.beans.factory.support.AbstractBeanFactory.doGetBean(AbstractBeanFactory.java:323) ~[ttcli.exe:6.1.3]
	at org.springframework.beans.factory.support.AbstractBeanFactory.getBean(AbstractBeanFactory.java:199) ~[ttcli.exe:6.1.3]
	at org.springframework.beans.factory.config.DependencyDescriptor.resolveCandidate(DependencyDescriptor.java:254) ~[ttcli.exe:6.1.3]
	at org.springframework.beans.factory.support.DefaultListableBeanFactory.doResolveDependency(DefaultListableBeanFactory.java:1443) ~[ttcli.exe:6.1.3]
	at org.springframework.beans.factory.support.DefaultListableBeanFactory$DependencyObjectProvider.getIfAvailable(DefaultListableBeanFactory.java:2112) ~[na:na]
	at org.springframework.beans.factory.support.DefaultListableBeanFactory$DependencyObjectProvider.ifAvailable(DefaultListableBeanFactory.java:2123) ~[na:na]
	at org.springframework.shell.boot.ComponentFlowAutoConfiguration$CommonComponentFlowCustomizer.customize(ComponentFlowAutoConfiguration.java:80) ~[na:na]
	at org.springframework.shell.boot.ComponentFlowAutoConfiguration.lambda$componentFlowBuilder$0(ComponentFlowAutoConfiguration.java:48) ~[ttcli.exe:na]
	at java.base@21.0.2/java.util.stream.ForEachOps$ForEachOp$OfRef.accept(ForEachOps.java:184) ~[na:na]
	at java.base@21.0.2/java.util.ArrayList.forEach(ArrayList.java:1596) ~[ttcli.exe:na]
	at java.base@21.0.2/java.util.stream.SortedOps$RefSortingSink.end(SortedOps.java:395) ~[na:na]
	at java.base@21.0.2/java.util.stream.Sink$ChainedReference.end(Sink.java:261) ~[ttcli.exe:na]
	at java.base@21.0.2/java.util.stream.Sink$ChainedReference.end(Sink.java:261) ~[ttcli.exe:na]
	at java.base@21.0.2/java.util.stream.AbstractPipeline.copyInto(AbstractPipeline.java:510) ~[ttcli.exe:na]
	at java.base@21.0.2/java.util.stream.AbstractPipeline.wrapAndCopyInto(AbstractPipeline.java:499) ~[ttcli.exe:na]
	at java.base@21.0.2/java.util.stream.ForEachOps$ForEachOp.evaluateSequential(ForEachOps.java:151) ~[ttcli.exe:na]
	at java.base@21.0.2/java.util.stream.ForEachOps$ForEachOp$OfRef.evaluateSequential(ForEachOps.java:174) ~[na:na]
	at java.base@21.0.2/java.util.stream.AbstractPipeline.evaluate(AbstractPipeline.java:234) ~[ttcli.exe:na]
	at java.base@21.0.2/java.util.stream.ReferencePipeline.forEach(ReferencePipeline.java:596) ~[ttcli.exe:na]
	at org.springframework.shell.boot.ComponentFlowAutoConfiguration.componentFlowBuilder(ComponentFlowAutoConfiguration.java:48) ~[ttcli.exe:na]
	at org.springframework.shell.boot.ComponentFlowAutoConfiguration__BeanDefinitions.lambda$getComponentFlowBuilderInstanceSupplier$0(ComponentFlowAutoConfiguration__BeanDefinitions.java:30) ~[na:na]
	at org.springframework.util.function.ThrowingBiFunction.apply(ThrowingBiFunction.java:68) ~[ttcli.exe:6.1.3]
	at org.springframework.util.function.ThrowingBiFunction.apply(ThrowingBiFunction.java:54) ~[ttcli.exe:6.1.3]
	at org.springframework.beans.factory.aot.BeanInstanceSupplier.lambda$get$2(BeanInstanceSupplier.java:206) ~[na:na]
	at org.springframework.util.function.ThrowingSupplier.get(ThrowingSupplier.java:58) ~[ttcli.exe:6.1.3]
	at org.springframework.util.function.ThrowingSupplier.get(ThrowingSupplier.java:46) ~[ttcli.exe:6.1.3]
	at org.springframework.beans.factory.aot.BeanInstanceSupplier.invokeBeanSupplier(BeanInstanceSupplier.java:218) ~[na:na]
	at org.springframework.beans.factory.aot.BeanInstanceSupplier.get(BeanInstanceSupplier.java:206) ~[na:na]
	at org.springframework.beans.factory.support.DefaultListableBeanFactory.obtainInstanceFromSupplier(DefaultListableBeanFactory.java:949) ~[ttcli.exe:6.1.3]
	at org.springframework.beans.factory.support.AbstractAutowireCapableBeanFactory.obtainFromSupplier(AbstractAutowireCapableBeanFactory.java:1216) ~[ttcli.exe:6.1.3]
	at org.springframework.beans.factory.support.AbstractAutowireCapableBeanFactory.createBeanInstance(AbstractAutowireCapableBeanFactory.java:1160) ~[ttcli.exe:6.1.3]
	at org.springframework.beans.factory.support.AbstractAutowireCapableBeanFactory.doCreateBean(AbstractAutowireCapableBeanFactory.java:561) ~[ttcli.exe:6.1.3]
	at org.springframework.beans.factory.support.AbstractAutowireCapableBeanFactory.createBean(AbstractAutowireCapableBeanFactory.java:521) ~[ttcli.exe:6.1.3]
	at org.springframework.beans.factory.support.AbstractBeanFactory.doGetBean(AbstractBeanFactory.java:343) ~[ttcli.exe:6.1.3]
	at org.springframework.beans.factory.support.AbstractBeanFactory.getBean(AbstractBeanFactory.java:199) ~[ttcli.exe:6.1.3]
	at org.springframework.beans.factory.config.DependencyDescriptor.resolveCandidate(DependencyDescriptor.java:254) ~[ttcli.exe:6.1.3]
	at org.springframework.beans.factory.support.DefaultListableBeanFactory.doResolveDependency(DefaultListableBeanFactory.java:1443) ~[ttcli.exe:6.1.3]
	at org.springframework.beans.factory.support.DefaultListableBeanFactory.resolveDependency(DefaultListableBeanFactory.java:1353) ~[ttcli.exe:6.1.3]
	at org.springframework.beans.factory.aot.AutowiredFieldValueResolver.resolveValue(AutowiredFieldValueResolver.java:188) ~[na:na]
	at org.springframework.beans.factory.aot.AutowiredFieldValueResolver.resolveAndSet(AutowiredFieldValueResolver.java:167) ~[na:na]
	at io.github.wimdeblauwe.ttcli.Init__Autowiring.apply(Init__Autowiring.java:16) ~[na:na]
	at org.springframework.beans.factory.support.InstanceSupplier$1.get(InstanceSupplier.java:83) ~[na:na]
	at org.springframework.beans.factory.support.DefaultListableBeanFactory.obtainInstanceFromSupplier(DefaultListableBeanFactory.java:949) ~[ttcli.exe:6.1.3]
	at org.springframework.beans.factory.support.AbstractAutowireCapableBeanFactory.obtainFromSupplier(AbstractAutowireCapableBeanFactory.java:1216) ~[ttcli.exe:6.1.3]
	at org.springframework.beans.factory.support.AbstractAutowireCapableBeanFactory.createBeanInstance(AbstractAutowireCapableBeanFactory.java:1160) ~[ttcli.exe:6.1.3]
	at org.springframework.beans.factory.support.AbstractAutowireCapableBeanFactory.doCreateBean(AbstractAutowireCapableBeanFactory.java:561) ~[ttcli.exe:6.1.3]
	at org.springframework.beans.factory.support.AbstractAutowireCapableBeanFactory.createBean(AbstractAutowireCapableBeanFactory.java:521) ~[ttcli.exe:6.1.3]
	at org.springframework.beans.factory.support.AbstractBeanFactory.lambda$doGetBean$0(AbstractBeanFactory.java:325) ~[ttcli.exe:6.1.3]
	at org.springframework.beans.factory.support.DefaultSingletonBeanRegistry.getSingleton(DefaultSingletonBeanRegistry.java:234) ~[ttcli.exe:6.1.3]
	at org.springframework.beans.factory.support.AbstractBeanFactory.doGetBean(AbstractBeanFactory.java:323) ~[ttcli.exe:6.1.3]
	at org.springframework.beans.factory.support.AbstractBeanFactory.getBean(AbstractBeanFactory.java:199) ~[ttcli.exe:6.1.3]
	at org.springframework.beans.factory.support.DefaultListableBeanFactory.preInstantiateSingletons(DefaultListableBeanFactory.java:975) ~[ttcli.exe:6.1.3]
	at org.springframework.context.support.AbstractApplicationContext.finishBeanFactoryInitialization(AbstractApplicationContext.java:959) ~[ttcli.exe:6.1.3]
	at org.springframework.context.support.AbstractApplicationContext.refresh(AbstractApplicationContext.java:624) ~[ttcli.exe:6.1.3]
	at org.springframework.boot.SpringApplication.refresh(SpringApplication.java:754) ~[ttcli.exe:3.2.2]
	at org.springframework.boot.SpringApplication.refreshContext(SpringApplication.java:456) ~[ttcli.exe:3.2.2]
	at org.springframework.boot.SpringApplication.run(SpringApplication.java:334) ~[ttcli.exe:3.2.2]
	at org.springframework.boot.SpringApplication.run(SpringApplication.java:1354) ~[ttcli.exe:3.2.2]
	at org.springframework.boot.SpringApplication.run(SpringApplication.java:1343) ~[ttcli.exe:3.2.2]
	at io.github.wimdeblauwe.ttcli.TamingThymeleafCliApplication.main(TamingThymeleafCliApplication.java:10) ~[ttcli.exe:na]
	at java.base@21.0.2/java.lang.invoke.LambdaForm$DMH/sa346b79c.invokeStaticInit(LambdaForm$DMH) ~[na:na]

2024-03-19T11:04:23.256+02:00  INFO 1472 --- [main] i.g.w.t.TamingThymeleafCliApplication    : Started TamingThymeleafCliApplication in 0.657 seconds (process running for 0.666)
